[2026-06-13 22:55:30] ============================================================
[2026-06-13 22:55:30] INICIO DO PROCESSAMENTO COMPLETO DE PBFs
[2026-06-13 22:55:30] ============================================================
[2026-06-13 22:55:30] Total: 58 arquivos PBF
[2026-06-13 22:55:30] [1/58] br_centro_oeste.osm (189 MB)
[2026-06-13 22:55:30]   Iniciando extracao OSM ...
[2026-06-13 23:00:20]   Extracao concluida em 4.8min
[2026-06-13 23:00:20]   Iniciando agregacao H3 ...
[2026-06-13 23:10:24] ============================================================
[2026-06-13 23:10:24] INICIO DO PROCESSAMENTO COMPLETO DE PBFs
[2026-06-13 23:10:24] ============================================================
[2026-06-13 23:10:24] Total: 58 arquivos PBF
[2026-06-13 23:10:24] [1/58] br_centro_oeste.osm (189 MB)
[2026-06-13 23:10:24]   Extracao ja existe, pulando para agregacao H3 ...
[2026-06-13 23:10:24]   Iniciando agregacao H3 ...
[2026-06-13 23:12:53]   OK br_centro_oeste.osm concluido em 2.5min
[2026-06-13 23:12:53]   Progresso: 1/58 | Tempo restante estimado: 2.4h
[2026-06-13 23:12:53] [2/58] br_nordeste.osm (412 MB)
[2026-06-13 23:12:53]   Iniciando extracao OSM ...
[2026-06-13 23:23:26]   Extracao concluida em 10.5min
[2026-06-13 23:23:26]   Iniciando agregacao H3 ...
[2026-06-13 23:30:54]   OK br_nordeste.osm concluido em 18.0min
[2026-06-13 23:30:54]   Progresso: 2/58 | Tempo restante estimado: 9.6h
[2026-06-13 23:30:54] [3/58] br_norte.osm (149 MB)
[2026-06-13 23:30:54]   Iniciando extracao OSM ...
[2026-06-13 23:34:58]   Extracao concluida em 4.1min
[2026-06-13 23:34:58]   Iniciando agregacao H3 ...
[2026-06-13 23:36:44]   OK br_norte.osm concluido em 5.8min
[2026-06-13 23:36:44]   Progresso: 3/58 | Tempo restante estimado: 8.0h
[2026-06-13 23:36:44] [4/58] br_sudeste.osm (810 MB)
[2026-06-13 23:36:44]   Iniciando extracao OSM ...
[2026-06-13 23:58:17]   Extracao concluida em 21.6min
[2026-06-13 23:58:17]   Iniciando agregacao H3 ...
[2026-06-14 00:06:26]   OK br_sudeste.osm concluido em 29.7min
[2026-06-14 00:06:26]   Progresso: 4/58 | Tempo restante estimado: 12.6h
[2026-06-14 00:06:26] [5/58] br_sul.osm (398 MB)
[2026-06-14 00:06:26]   Iniciando extracao OSM ...
[2026-06-14 00:16:17]   Extracao concluida em 9.8min
[2026-06-14 00:16:17]   Iniciando agregacao H3 ...
[2026-06-14 00:20:21]   OK br_sul.osm concluido em 13.9min
[2026-06-14 00:20:21]   Progresso: 5/58 | Tempo restante estimado: 12.4h
[2026-06-14 00:20:21] [6/58] us_alabama.osm (138 MB)
[2026-06-14 00:20:21]   Iniciando extracao OSM ...
[2026-06-14 00:23:45]   Extracao concluida em 3.4min
[2026-06-14 00:23:45]   Iniciando agregacao H3 ...
[2026-06-14 00:25:21]   OK us_alabama.osm concluido em 5.0min
[2026-06-14 00:25:21]   Progresso: 6/58 | Tempo restante estimado: 10.8h
[2026-06-14 00:25:21] [7/58] us_alaska.osm (137 MB)
[2026-06-14 00:25:21]   Iniciando extracao OSM ...
[2026-06-14 00:29:05]   Extracao concluida em 3.7min
[2026-06-14 00:29:05]   Iniciando agregacao H3 ...
[2026-06-14 00:29:22]   OK us_alaska.osm concluido em 4.0min
[2026-06-14 00:29:22]   Progresso: 7/58 | Tempo restante estimado: 9.6h
[2026-06-14 00:29:22] [8/58] us_arizona.osm (284 MB)
[2026-06-14 00:29:22]   Iniciando extracao OSM ...
[2026-06-14 00:36:09]   Extracao concluida em 6.8min
[2026-06-14 00:36:09]   Iniciando agregacao H3 ...
[2026-06-14 00:38:13]   OK us_arizona.osm concluido em 8.8min
[2026-06-14 00:38:13]   Progresso: 8/58 | Tempo restante estimado: 9.1h
[2026-06-14 00:38:13] [9/58] us_arkansas.osm (93 MB)
[2026-06-14 00:38:13]   Iniciando extracao OSM ...
[2026-06-14 00:40:24]   Extracao concluida em 2.2min
[2026-06-14 00:40:24]   Iniciando agregacao H3 ...
[2026-06-14 00:42:30]   OK us_arkansas.osm concluido em 4.3min
[2026-06-14 00:42:30]   Progresso: 9/58 | Tempo restante estimado: 8.4h
[2026-06-14 00:42:30] [10/58] us_california.osm (1254 MB)
[2026-06-14 00:42:30]   Iniciando extracao OSM ...
[2026-06-14 01:06:01]   Extracao concluida em 23.5min
[2026-06-14 01:06:01]   Iniciando agregacao H3 ...
[2026-06-14 01:18:01]   OK us_california.osm concluido em 35.5min
[2026-06-14 01:18:01]   Progresso: 10/58 | Tempo restante estimado: 10.2h
[2026-06-14 01:18:01] [11/58] us_colorado.osm (356 MB)
[2026-06-14 01:18:01]   Iniciando extracao OSM ...
[2026-06-14 01:25:34]   Extracao concluida em 7.6min
[2026-06-14 01:25:34]   Iniciando agregacao H3 ...
[2026-06-14 01:29:04]   OK us_colorado.osm concluido em 11.1min
[2026-06-14 01:29:04]   Progresso: 11/58 | Tempo restante estimado: 9.9h
[2026-06-14 01:29:04] [12/58] us_connecticut.osm (206 MB)
[2026-06-14 01:29:04]   Iniciando extracao OSM ...
[2026-06-14 01:32:46]   Extracao concluida em 3.7min
[2026-06-14 01:32:46]   Iniciando agregacao H3 ...
[2026-06-14 01:33:48]   OK us_connecticut.osm concluido em 4.7min
[2026-06-14 01:33:48]   Progresso: 12/58 | Tempo restante estimado: 9.2h
[2026-06-14 01:33:48] [13/58] us_delaware.osm (21 MB)
[2026-06-14 01:33:48]   Iniciando extracao OSM ...
[2026-06-14 01:34:17]   Extracao concluida em 29s
[2026-06-14 01:34:17]   Iniciando agregacao H3 ...
[2026-06-14 01:34:30]   OK us_delaware.osm concluido em 42s
[2026-06-14 01:34:30]   Progresso: 13/58 | Tempo restante estimado: 8.3h
[2026-06-14 01:34:30] [14/58] us_district_of_columbia.osm (20 MB)
[2026-06-14 01:34:30]   Iniciando extracao OSM ...
[2026-06-14 01:34:49]   Extracao concluida em 19s
[2026-06-14 01:34:49]   Iniciando agregacao H3 ...
[2026-06-14 01:34:52]   OK us_district_of_columbia.osm concluido em 22s
[2026-06-14 01:34:52]   Progresso: 14/58 | Tempo restante estimado: 7.6h
[2026-06-14 01:34:52] [15/58] us_florida.osm (619 MB)
[2026-06-14 01:34:52]   Iniciando extracao OSM ...
[2026-06-14 01:50:12]   Extracao concluida em 15.3min
[2026-06-14 01:50:12]   Iniciando agregacao H3 ...
[2026-06-14 01:55:09]   OK us_florida.osm concluido em 20.3min
[2026-06-14 01:55:09]   Progresso: 15/58 | Tempo restante estimado: 7.9h
[2026-06-14 01:55:09] [16/58] us_georgia.osm (337 MB)
[2026-06-14 01:55:09]   Iniciando extracao OSM ...
[2026-06-14 02:01:44]   Extracao concluida em 6.6min
[2026-06-14 02:01:44]   Iniciando agregacao H3 ...
[2026-06-14 02:06:50]   OK us_georgia.osm concluido em 11.7min
[2026-06-14 02:06:50]   Progresso: 16/58 | Tempo restante estimado: 7.7h
[2026-06-14 02:06:50] [17/58] us_hawaii.osm (25 MB)
[2026-06-14 02:06:50]   Iniciando extracao OSM ...
[2026-06-14 02:07:29]   Extracao concluida em 39s
[2026-06-14 02:07:29]   Iniciando agregacao H3 ...
[2026-06-14 02:07:44]   OK us_hawaii.osm concluido em 54s
[2026-06-14 02:07:44]   Progresso: 17/58 | Tempo restante estimado: 7.1h
[2026-06-14 02:07:44] [18/58] us_idaho.osm (120 MB)
[2026-06-14 02:07:44]   Iniciando extracao OSM ...
[2026-06-14 02:11:01]   Extracao concluida em 3.3min
[2026-06-14 02:11:01]   Iniciando agregacao H3 ...
[2026-06-14 02:14:17]   OK us_idaho.osm concluido em 6.6min
[2026-06-14 02:14:17]   Progresso: 18/58 | Tempo restante estimado: 6.8h
[2026-06-14 02:14:17] [19/58] us_illinois.osm (335 MB)
[2026-06-14 02:14:17]   Iniciando extracao OSM ...
[2026-06-14 02:22:23]   Extracao concluida em 8.1min
[2026-06-14 02:22:23]   Iniciando agregacao H3 ...
[2026-06-14 02:26:33]   OK us_illinois.osm concluido em 12.3min
[2026-06-14 02:26:33]   Progresso: 19/58 | Tempo restante estimado: 6.7h
[2026-06-14 02:26:33] [20/58] us_indiana.osm (186 MB)
[2026-06-14 02:26:33]   Iniciando extracao OSM ...
[2026-06-14 02:31:17]   Extracao concluida em 4.7min
[2026-06-14 02:31:17]   Iniciando agregacao H3 ...
[2026-06-14 02:34:24]   OK us_indiana.osm concluido em 7.8min
[2026-06-14 02:34:24]   Progresso: 20/58 | Tempo restante estimado: 6.5h
[2026-06-14 02:34:24] [21/58] us_iowa.osm (126 MB)
[2026-06-14 02:34:24]   Iniciando extracao OSM ...
[2026-06-14 02:37:51]   Extracao concluida em 3.5min
[2026-06-14 02:37:51]   Iniciando agregacao H3 ...
[2026-06-14 02:40:12]   OK us_iowa.osm concluido em 5.8min
[2026-06-14 02:40:12]   Progresso: 21/58 | Tempo restante estimado: 6.2h
[2026-06-14 02:40:12] [22/58] us_kansas.osm (107 MB)
[2026-06-14 02:40:12]   Iniciando extracao OSM ...
[2026-06-14 02:43:20]   Extracao concluida em 3.1min
[2026-06-14 02:43:20]   Iniciando agregacao H3 ...
[2026-06-14 02:46:13]   OK us_kansas.osm concluido em 6.0min
[2026-06-14 02:46:13]   Progresso: 22/58 | Tempo restante estimado: 5.9h
[2026-06-14 02:46:13] [23/58] us_kentucky.osm (145 MB)
[2026-06-14 02:46:13]   Iniciando extracao OSM ...
[2026-06-14 02:49:45]   Extracao concluida em 3.5min
[2026-06-14 02:49:45]   Iniciando agregacao H3 ...
[2026-06-14 02:52:28]   OK us_kentucky.osm concluido em 6.3min
[2026-06-14 02:52:28]   Progresso: 23/58 | Tempo restante estimado: 5.6h
[2026-06-14 02:52:28] [24/58] us_louisiana.osm (138 MB)
[2026-06-14 02:52:28]   Iniciando extracao OSM ...
[2026-06-14 02:55:38]   Extracao concluida em 3.2min
[2026-06-14 02:55:38]   Iniciando agregacao H3 ...
[2026-06-14 02:57:25]   OK us_louisiana.osm concluido em 4.9min
[2026-06-14 02:57:25]   Progresso: 24/58 | Tempo restante estimado: 5.4h
[2026-06-14 02:57:25] [25/58] us_maine.osm (86 MB)
[2026-06-14 02:57:25]   Iniciando extracao OSM ...
[2026-06-14 02:59:45]   Extracao concluida em 2.3min
[2026-06-14 02:59:45]   Iniciando agregacao H3 ...
[2026-06-14 03:00:58]   OK us_maine.osm concluido em 3.5min
[2026-06-14 03:00:58]   Progresso: 25/58 | Tempo restante estimado: 5.1h
[2026-06-14 03:00:58] [26/58] us_maryland.osm (203 MB)
[2026-06-14 03:00:58]   Iniciando extracao OSM ...
[2026-06-14 03:04:41]   Extracao concluida em 3.7min
[2026-06-14 03:04:41]   Iniciando agregacao H3 ...
[2026-06-14 03:06:53]   OK us_maryland.osm concluido em 5.9min
[2026-06-14 03:06:53]   Progresso: 26/58 | Tempo restante estimado: 4.9h
[2026-06-14 03:06:53] [27/58] us_massachusetts.osm (293 MB)
[2026-06-14 03:06:53]   Iniciando extracao OSM ...
[2026-06-14 03:13:59]   Extracao concluida em 7.1min
[2026-06-14 03:13:59]   Iniciando agregacao H3 ...
[2026-06-14 03:16:40]   OK us_massachusetts.osm concluido em 9.8min
[2026-06-14 03:16:40]   Progresso: 27/58 | Tempo restante estimado: 4.7h
[2026-06-14 03:16:40] [28/58] us_michigan.osm (294 MB)
[2026-06-14 03:16:40]   Iniciando extracao OSM ...
[2026-06-14 03:25:35]   Extracao concluida em 8.9min
[2026-06-14 03:25:35]   Iniciando agregacao H3 ...
[2026-06-14 03:32:15]   OK us_michigan.osm concluido em 15.6min
[2026-06-14 03:32:15]   Progresso: 28/58 | Tempo restante estimado: 4.7h
[2026-06-14 03:32:15] [29/58] us_minnesota.osm (265 MB)
[2026-06-14 03:32:15]   Iniciando extracao OSM ...
[2026-06-14 03:38:53]   Extracao concluida em 6.6min
[2026-06-14 03:38:53]   Iniciando agregacao H3 ...
[2026-06-14 03:43:02]   OK us_minnesota.osm concluido em 10.8min
[2026-06-14 03:43:02]   Progresso: 29/58 | Tempo restante estimado: 4.5h
[2026-06-14 03:43:02] [30/58] us_mississippi.osm (89 MB)
[2026-06-14 03:43:02]   Iniciando extracao OSM ...
[2026-06-14 03:45:15]   Extracao concluida em 2.2min
[2026-06-14 03:45:15]   Iniciando agregacao H3 ...
[2026-06-14 03:47:40]   OK us_mississippi.osm concluido em 4.6min
[2026-06-14 03:47:40]   Progresso: 30/58 | Tempo restante estimado: 4.3h
[2026-06-14 03:47:40] [31/58] us_missouri.osm (182 MB)
[2026-06-14 03:47:40]   Iniciando extracao OSM ...
[2026-06-14 03:53:08]   Extracao concluida em 5.5min
[2026-06-14 03:53:08]   Iniciando agregacao H3 ...
[2026-06-14 03:58:28]   OK us_missouri.osm concluido em 10.8min
[2026-06-14 03:58:28]   Progresso: 31/58 | Tempo restante estimado: 4.2h
[2026-06-14 03:58:28] [32/58] us_montana.osm (95 MB)
[2026-06-14 03:58:28]   Iniciando extracao OSM ...
[2026-06-14 04:01:15]   Extracao concluida em 2.8min
[2026-06-14 04:01:15]   Iniciando agregacao H3 ...
[2026-06-14 04:04:51]   OK us_montana.osm concluido em 6.4min
[2026-06-14 04:04:51]   Progresso: 32/58 | Tempo restante estimado: 4.0h
[2026-06-14 04:04:51] [33/58] us_nebraska.osm (94 MB)
[2026-06-14 04:04:51]   Iniciando extracao OSM ...
[2026-06-14 04:07:29]   Extracao concluida em 2.6min
[2026-06-14 04:07:29]   Iniciando agregacao H3 ...
[2026-06-14 04:09:47]   OK us_nebraska.osm concluido em 4.9min
[2026-06-14 04:09:47]   Progresso: 33/58 | Tempo restante estimado: 3.8h
[2026-06-14 04:09:47] [34/58] us_nevada.osm (116 MB)
[2026-06-14 04:09:47]   Iniciando extracao OSM ...
[2026-06-14 04:13:31]   Extracao concluida em 3.7min
[2026-06-14 04:13:31]   Iniciando agregacao H3 ...
[2026-06-14 04:16:35]   OK us_nevada.osm concluido em 6.8min
[2026-06-14 04:16:35]   Progresso: 34/58 | Tempo restante estimado: 3.6h
[2026-06-14 04:16:35] [35/58] us_new_hampshire.osm (67 MB)
[2026-06-14 04:16:35]   Iniciando extracao OSM ...
[2026-06-14 04:18:30]   Extracao concluida em 1.9min
[2026-06-14 04:18:30]   Iniciando agregacao H3 ...
[2026-06-14 04:19:33]   OK us_new_hampshire.osm concluido em 3.0min
[2026-06-14 04:19:33]   Progresso: 35/58 | Tempo restante estimado: 3.4h
[2026-06-14 04:19:33] [36/58] us_new_jersey.osm (154 MB)
[2026-06-14 04:19:33]   Iniciando extracao OSM ...
[2026-06-14 04:23:39]   Extracao concluida em 4.1min
[2026-06-14 04:23:39]   Iniciando agregacao H3 ...
[2026-06-14 04:25:36]   OK us_new_jersey.osm concluido em 6.1min
[2026-06-14 04:25:36]   Progresso: 36/58 | Tempo restante estimado: 3.2h
[2026-06-14 04:25:36] [37/58] us_new_mexico.osm (129 MB)
[2026-06-14 04:25:36]   Iniciando extracao OSM ...
[2026-06-14 04:29:41]   Extracao concluida em 4.1min
[2026-06-14 04:29:41]   Iniciando agregacao H3 ...
[2026-06-14 04:33:31]   OK us_new_mexico.osm concluido em 7.9min
[2026-06-14 04:33:31]   Progresso: 37/58 | Tempo restante estimado: 3.1h
[2026-06-14 04:33:31] [38/58] us_new_york.osm (469 MB)
[2026-06-14 04:33:31]   Iniciando extracao OSM ...
[2026-06-14 04:43:52]   Extracao concluida em 10.3min
[2026-06-14 04:43:52]   Iniciando agregacao H3 ...
[2026-06-14 04:48:30]   OK us_new_york.osm concluido em 15.0min
[2026-06-14 04:48:30]   Progresso: 38/58 | Tempo restante estimado: 3.0h
[2026-06-14 04:48:30] [39/58] us_north_carolina.osm (405 MB)
[2026-06-14 04:48:30]   Iniciando extracao OSM ...
[2026-06-14 04:59:17]   Extracao concluida em 10.8min
[2026-06-14 04:59:17]   Iniciando agregacao H3 ...
[2026-06-14 05:06:51]   OK us_north_carolina.osm concluido em 18.4min
[2026-06-14 05:06:51]   Progresso: 39/58 | Tempo restante estimado: 2.9h
[2026-06-14 05:06:51] [40/58] us_north_dakota.osm (121 MB)
[2026-06-14 05:06:51]   Iniciando extracao OSM ...
[2026-06-14 05:09:41]   Extracao concluida em 2.8min
[2026-06-14 05:09:41]   Iniciando agregacao H3 ...
[2026-06-14 05:12:24]   OK us_north_dakota.osm concluido em 5.6min
[2026-06-14 05:12:24]   Progresso: 40/58 | Tempo restante estimado: 2.7h
[2026-06-14 05:12:25] [41/58] us_ohio.osm (302 MB)
[2026-06-14 05:12:25]   Iniciando extracao OSM ...
[2026-06-14 05:21:03]   Extracao concluida em 8.6min
[2026-06-14 05:21:03]   Iniciando agregacao H3 ...
[2026-06-14 05:26:56]   OK us_ohio.osm concluido em 14.5min
[2026-06-14 05:26:56]   Progresso: 41/58 | Tempo restante estimado: 2.6h
[2026-06-14 05:26:56] [42/58] us_oklahoma.osm (159 MB)
[2026-06-14 05:26:56]   Iniciando extracao OSM ...
[2026-06-14 05:30:37]   Extracao concluida em 3.7min
[2026-06-14 05:30:37]   Iniciando agregacao H3 ...
[2026-06-14 05:34:44]   OK us_oklahoma.osm concluido em 7.8min
[2026-06-14 05:34:44]   Progresso: 42/58 | Tempo restante estimado: 2.4h
[2026-06-14 05:34:44] [43/58] us_oregon.osm (238 MB)
[2026-06-14 05:34:44]   Iniciando extracao OSM ...
[2026-06-14 05:40:59]   Extracao concluida em 6.2min
[2026-06-14 05:40:59]   Iniciando agregacao H3 ...
[2026-06-14 05:47:20]   OK us_oregon.osm concluido em 12.6min
[2026-06-14 05:47:20]   Progresso: 43/58 | Tempo restante estimado: 2.3h
[2026-06-14 05:47:20] [44/58] us_pennsylvania.osm (323 MB)
[2026-06-14 05:47:20]   Iniciando extracao OSM ...
[2026-06-14 05:56:14]   Extracao concluida em 8.9min
[2026-06-14 05:56:15]   Iniciando agregacao H3 ...
[2026-06-14 06:04:12]   OK us_pennsylvania.osm concluido em 16.9min
[2026-06-14 06:04:12]   Progresso: 44/58 | Tempo restante estimado: 2.2h
[2026-06-14 06:04:12] [45/58] us_puerto_rico.osm (70 MB)
[2026-06-14 06:04:12]   Iniciando extracao OSM ...
[2026-06-14 06:06:11]   Extracao concluida em 2.0min
[2026-06-14 06:06:11]   Iniciando agregacao H3 ...
[2026-06-14 06:06:51]   OK us_puerto_rico.osm concluido em 2.7min
[2026-06-14 06:06:51]   Progresso: 45/58 | Tempo restante estimado: 2.0h
[2026-06-14 06:06:51] [46/58] us_rhode_island.osm (49 MB)
[2026-06-14 06:06:51]   Iniciando extracao OSM ...
[2026-06-14 06:08:01]   Extracao concluida em 1.2min
[2026-06-14 06:08:01]   Iniciando agregacao H3 ...
[2026-06-14 06:08:21]   OK us_rhode_island.osm concluido em 1.5min
[2026-06-14 06:08:21]   Progresso: 46/58 | Tempo restante estimado: 1.8h
[2026-06-14 06:08:21] [47/58] us_south_carolina.osm (153 MB)
[2026-06-14 06:08:21]   Iniciando extracao OSM ...
[2026-06-14 06:12:39]   Extracao concluida em 4.3min
[2026-06-14 06:12:39]   Iniciando agregacao H3 ...
[2026-06-14 06:16:05]   OK us_south_carolina.osm concluido em 7.7min
[2026-06-14 06:16:05]   Progresso: 47/58 | Tempo restante estimado: 1.7h
[2026-06-14 06:16:05] [48/58] us_south_dakota.osm (45 MB)
[2026-06-14 06:16:05]   Iniciando extracao OSM ...
[2026-06-14 06:17:27]   Extracao concluida em 1.4min
[2026-06-14 06:17:27]   Iniciando agregacao H3 ...
[2026-06-14 06:19:23]   OK us_south_dakota.osm concluido em 3.3min
[2026-06-14 06:19:23]   Progresso: 48/58 | Tempo restante estimado: 1.5h
[2026-06-14 06:19:23] [49/58] us_tennessee.osm (176 MB)
[2026-06-14 06:19:23]   Iniciando extracao OSM ...
[2026-06-14 06:24:21]   Extracao concluida em 5.0min
[2026-06-14 06:24:21]   Iniciando agregacao H3 ...
[2026-06-14 06:28:09]   OK us_tennessee.osm concluido em 8.8min
[2026-06-14 06:28:09]   Progresso: 49/58 | Tempo restante estimado: 1.3h
[2026-06-14 06:28:09] [50/58] us_texas.osm (673 MB)
[2026-06-14 06:28:09]   Iniciando extracao OSM ...
[2026-06-14 06:46:04]   Extracao concluida em 17.9min
[2026-06-14 06:46:04]   Iniciando agregacao H3 ...
[2026-06-14 07:03:49]   OK us_texas.osm concluido em 35.7min
[2026-06-14 07:03:49]   Progresso: 50/58 | Tempo restante estimado: 1.3h
[2026-06-14 07:03:49] [51/58] us_us_virgin_islands.osm (3 MB)
[2026-06-14 07:03:49]   Iniciando extracao OSM ...
[2026-06-14 07:03:54]   Extracao concluida em 6s
[2026-06-14 07:03:54]   Iniciando agregacao H3 ...
[2026-06-14 07:03:57]   OK us_us_virgin_islands.osm concluido em 8s
[2026-06-14 07:03:57]   Progresso: 51/58 | Tempo restante estimado: 1.1h
[2026-06-14 07:03:57] [52/58] us_utah.osm (157 MB)
[2026-06-14 07:03:57]   Iniciando extracao OSM ...
[2026-06-14 07:08:25]   Extracao concluida em 4.5min
[2026-06-14 07:08:25]   Iniciando agregacao H3 ...
[2026-06-14 07:10:54]   OK us_utah.osm concluido em 7.0min
[2026-06-14 07:10:54]   Progresso: 52/58 | Tempo restante estimado: 55.4min
[2026-06-14 07:10:54] [53/58] us_vermont.osm (43 MB)
[2026-06-14 07:10:54]   Iniciando extracao OSM ...
[2026-06-14 07:12:00]   Extracao concluida em 1.1min
[2026-06-14 07:12:00]   Iniciando agregacao H3 ...
[2026-06-14 07:12:33]   OK us_vermont.osm concluido em 1.7min
[2026-06-14 07:12:33]   Progresso: 53/58 | Tempo restante estimado: 45.5min
[2026-06-14 07:12:33] [54/58] us_virginia.osm (404 MB)
[2026-06-14 07:12:33]   Iniciando extracao OSM ...
[2026-06-14 07:20:53]   Extracao concluida em 8.3min
[2026-06-14 07:20:53]   Iniciando agregacao H3 ...
[2026-06-14 07:25:29]   OK us_virginia.osm concluido em 12.9min
[2026-06-14 07:25:29]   Progresso: 54/58 | Tempo restante estimado: 36.7min
[2026-06-14 07:25:29] [55/58] us_washington.osm (340 MB)
[2026-06-14 07:25:29]   Iniciando extracao OSM ...
[2026-06-14 07:31:35]   Extracao concluida em 6.1min
[2026-06-14 07:31:35]   Iniciando agregacao H3 ...
[2026-06-14 07:35:05]   OK us_washington.osm concluido em 9.6min
[2026-06-14 07:35:05]   Progresso: 55/58 | Tempo restante estimado: 27.5min
[2026-06-14 07:35:05] [56/58] us_west_virginia.osm (92 MB)
[2026-06-14 07:35:05]   Iniciando extracao OSM ...
[2026-06-14 07:37:47]   Extracao concluida em 2.7min
[2026-06-14 07:37:47]   Iniciando agregacao H3 ...
[2026-06-14 07:39:06]   OK us_west_virginia.osm concluido em 4.0min
[2026-06-14 07:39:06]   Progresso: 56/58 | Tempo restante estimado: 18.2min
[2026-06-14 07:39:06] [57/58] us_wisconsin.osm (276 MB)
[2026-06-14 07:39:06]   Iniciando extracao OSM ...
[2026-06-14 07:43:49]   Extracao concluida em 4.7min
[2026-06-14 07:43:49]   Iniciando agregacao H3 ...
[2026-06-14 07:47:05]   OK us_wisconsin.osm concluido em 8.0min
[2026-06-14 07:47:05]   Progresso: 57/58 | Tempo restante estimado: 9.1min
[2026-06-14 07:47:05] [58/58] us_wyoming.osm (88 MB)
[2026-06-14 07:47:05]   Iniciando extracao OSM ...
[2026-06-14 07:49:23]   Extracao concluida em 2.3min
[2026-06-14 07:49:23]   Iniciando agregacao H3 ...
[2026-06-14 07:51:33]   OK us_wyoming.osm concluido em 4.5min
[2026-06-14 07:51:33]   Progresso: 58/58 | Tempo restante estimado: 0s
[2026-06-14 07:51:33] ============================================================
[2026-06-14 07:51:33] TODOS OS PBFS PROCESSADOS COM SUCESSO!
[2026-06-14 07:51:33] Tempo total: 8.7h
[2026-06-14 07:51:33] ============================================================
[2026-06-14 07:51:33] Proximos passos: executar 03_consolidate_and_join.py
